<?xml version="1.0" encoding="UTF-8"?>
<!-- Generated by org.testng.reporters.JUnitXMLReporter -->
<testsuite ignored="0" hostname="DESKTOP-U33MU1L" failures="0" tests="4" name="Test2" time="26.614" errors="0" timestamp="2024-07-03T21:21:29 IST">
  <testcase classname="testCases.UnitTestCase" name="logIn" time="4.005"/>
  <testcase classname="testCases.UnitTestCase" name="Add_units" time="4.937"/>
  <testcase classname="testCases.UnitTestCase" name="search_units" time="2.186"/>
  <testcase classname="testCases.UnitTestCase" name="deleteUnits" time="5.708"/>
</testsuite> <!-- Test2 -->
